[2018-08-09T14:24:07.920] [ERROR] default - { attempt: 1,
  error: 
   { Error: Redis connection to 192.168.99.100:6700 failed - connect ECONNREFUSED 192.168.99.100:6700
    at Object._errnoException (util.js:1022:11)
    at _exceptionWithHostPort (util.js:1044:20)
    at TCPConnectWrap.afterConnect [as oncomplete] (net.js:1198:14)
     code: 'ECONNREFUSED',
     errno: 'ECONNREFUSED',
     syscall: 'connect',
     address: '192.168.99.100',
     port: 6700 },
  total_retry_time: 0,
  times_connected: 0 }
[2018-08-09T14:25:14.438] [DEBUG] default - redis-connected
[2018-08-09T14:26:44.895] [DEBUG] default - redis-connected
[2018-08-09T14:31:38.759] [DEBUG] default - redis-connected
[2018-08-09T14:32:18.886] [DEBUG] default - redis-connected
[2018-08-09T14:33:14.429] [DEBUG] default - redis-connected
[2018-08-09T14:33:59.381] [DEBUG] default - redis-connected
[2018-08-09T14:38:40.526] [DEBUG] default - redis-connected
[2018-08-09T14:49:38.461] [DEBUG] default - redis-connected
[2018-08-09T14:50:43.914] [DEBUG] default - redis-connected
[2018-08-09T14:55:28.747] [DEBUG] default - redis-connected
[2018-08-09T15:04:00.635] [DEBUG] default - redis-connected
[2018-08-09T15:06:55.869] [DEBUG] default - redis-connected
[2018-08-09T15:10:22.974] [DEBUG] default - redis-connected
[2018-08-09T15:11:32.559] [DEBUG] default - redis-connected
[2018-08-09T15:14:04.566] [DEBUG] default - redis-connected
[2018-08-09T15:20:29.305] [DEBUG] default - redis-connected
[2018-08-09T15:28:01.376] [DEBUG] default - redis-connected
[2018-08-09T15:29:35.483] [DEBUG] default - redis-connected
[2018-08-09T15:33:42.135] [DEBUG] default - redis-connected
[2018-08-09T15:36:11.217] [DEBUG] default - redis-connected
[2018-08-09T15:37:55.622] [DEBUG] default - redis-connected
[2018-08-09T15:39:48.990] [DEBUG] default - redis-connected
[2018-08-09T15:40:53.459] [DEBUG] default - redis-connected
[2018-08-09T15:47:56.178] [DEBUG] default - redis-connected
[2018-08-09T15:48:27.906] [DEBUG] default - redis-connected
[2018-08-09T15:49:40.042] [DEBUG] default - redis-connected
[2018-08-09T15:56:19.505] [DEBUG] default - redis-connected
[2018-08-09T15:57:14.689] [DEBUG] default - redis-connected
[2018-08-09T15:58:48.420] [DEBUG] default - redis-connected
